  Source.cpp
C:\Users\Anastasya\source\repos\164_HW1\cloud\Source.cpp(56,22): warning C4244: '=': conversion from 'double' to 'float', possible loss of data
C:\Users\Anastasya\source\repos\164_HW1\cloud\Source.cpp(57,36): warning C4244: 'argument': conversion from 'double' to 'GLfloat', possible loss of data
C:\Users\Anastasya\source\repos\164_HW1\cloud\Source.cpp(57,16): warning C4244: 'argument': conversion from 'double' to 'GLfloat', possible loss of data
C:\Users\Anastasya\source\repos\164_HW1\cloud\Source.cpp(70,22): warning C4244: '=': conversion from 'double' to 'float', possible loss of data
C:\Users\Anastasya\source\repos\164_HW1\cloud\Source.cpp(71,36): warning C4244: 'argument': conversion from 'double' to 'GLfloat', possible loss of data
C:\Users\Anastasya\source\repos\164_HW1\cloud\Source.cpp(71,16): warning C4244: 'argument': conversion from 'double' to 'GLfloat', possible loss of data
C:\Users\Anastasya\source\repos\164_HW1\cloud\Source.cpp(80,19): warning C4244: 'argument': conversion from 'int' to 'GLfloat', possible loss of data
C:\Users\Anastasya\source\repos\164_HW1\cloud\Source.cpp(80,16): warning C4244: 'argument': conversion from 'int' to 'GLfloat', possible loss of data
C:\Users\Anastasya\source\repos\164_HW1\cloud\Source.cpp(99,19): warning C4244: 'argument': conversion from 'int' to 'GLfloat', possible loss of data
C:\Users\Anastasya\source\repos\164_HW1\cloud\Source.cpp(99,16): warning C4244: 'argument': conversion from 'int' to 'GLfloat', possible loss of data
C:\Users\Anastasya\source\repos\164_HW1\cloud\Source.cpp(115,18): warning C4244: 'argument': conversion from 'int' to 'GLfloat', possible loss of data
C:\Users\Anastasya\source\repos\164_HW1\cloud\Source.cpp(115,15): warning C4244: 'argument': conversion from 'int' to 'GLfloat', possible loss of data
C:\Users\Anastasya\source\repos\164_HW1\cloud\Source.cpp(201,43): warning C4244: 'argument': conversion from 'int' to 'GLfloat', possible loss of data
C:\Users\Anastasya\source\repos\164_HW1\cloud\Source.cpp(201,34): warning C4244: 'argument': conversion from 'int' to 'GLfloat', possible loss of data
C:\Users\Anastasya\source\repos\164_HW1\cloud\Source.cpp(201,25): warning C4244: 'argument': conversion from 'int' to 'GLfloat', possible loss of data
C:\Users\Anastasya\source\repos\164_HW1\cloud\Source.cpp(201,15): warning C4244: 'argument': conversion from 'int' to 'GLfloat', possible loss of data
C:\Users\Anastasya\source\repos\164_HW1\cloud\Source.cpp(202,43): warning C4244: 'argument': conversion from 'int' to 'GLfloat', possible loss of data
C:\Users\Anastasya\source\repos\164_HW1\cloud\Source.cpp(202,34): warning C4244: 'argument': conversion from 'int' to 'GLfloat', possible loss of data
C:\Users\Anastasya\source\repos\164_HW1\cloud\Source.cpp(202,25): warning C4244: 'argument': conversion from 'int' to 'GLfloat', possible loss of data
C:\Users\Anastasya\source\repos\164_HW1\cloud\Source.cpp(202,15): warning C4244: 'argument': conversion from 'int' to 'GLfloat', possible loss of data
C:\Users\Anastasya\source\repos\164_HW1\cloud\Source.cpp(205,43): warning C4244: 'argument': conversion from 'int' to 'GLfloat', possible loss of data
C:\Users\Anastasya\source\repos\164_HW1\cloud\Source.cpp(205,34): warning C4244: 'argument': conversion from 'int' to 'GLfloat', possible loss of data
C:\Users\Anastasya\source\repos\164_HW1\cloud\Source.cpp(205,25): warning C4244: 'argument': conversion from 'int' to 'GLfloat', possible loss of data
C:\Users\Anastasya\source\repos\164_HW1\cloud\Source.cpp(205,15): warning C4244: 'argument': conversion from 'int' to 'GLfloat', possible loss of data
C:\Users\Anastasya\source\repos\164_HW1\cloud\Source.cpp(221,45): warning C4244: 'argument': conversion from 'int' to 'GLfloat', possible loss of data
C:\Users\Anastasya\source\repos\164_HW1\cloud\Source.cpp(221,35): warning C4244: 'argument': conversion from 'int' to 'GLfloat', possible loss of data
C:\Users\Anastasya\source\repos\164_HW1\cloud\Source.cpp(221,25): warning C4244: 'argument': conversion from 'int' to 'GLfloat', possible loss of data
C:\Users\Anastasya\source\repos\164_HW1\cloud\Source.cpp(221,15): warning C4244: 'argument': conversion from 'int' to 'GLfloat', possible loss of data
C:\Users\Anastasya\source\repos\164_HW1\cloud\Source.cpp(222,43): warning C4244: 'argument': conversion from 'int' to 'GLfloat', possible loss of data
C:\Users\Anastasya\source\repos\164_HW1\cloud\Source.cpp(222,33): warning C4244: 'argument': conversion from 'int' to 'GLfloat', possible loss of data
C:\Users\Anastasya\source\repos\164_HW1\cloud\Source.cpp(222,24): warning C4244: 'argument': conversion from 'int' to 'GLfloat', possible loss of data
C:\Users\Anastasya\source\repos\164_HW1\cloud\Source.cpp(222,14): warning C4244: 'argument': conversion from 'int' to 'GLfloat', possible loss of data
C:\Users\Anastasya\source\repos\164_HW1\cloud\Source.cpp(224,42): warning C4244: 'argument': conversion from 'int' to 'GLfloat', possible loss of data
C:\Users\Anastasya\source\repos\164_HW1\cloud\Source.cpp(224,33): warning C4244: 'argument': conversion from 'int' to 'GLfloat', possible loss of data
C:\Users\Anastasya\source\repos\164_HW1\cloud\Source.cpp(224,23): warning C4244: 'argument': conversion from 'int' to 'GLfloat', possible loss of data
C:\Users\Anastasya\source\repos\164_HW1\cloud\Source.cpp(224,15): warning C4244: 'argument': conversion from 'int' to 'GLfloat', possible loss of data
C:\Users\Anastasya\source\repos\164_HW1\cloud\Source.cpp(225,43): warning C4244: 'argument': conversion from 'int' to 'GLfloat', possible loss of data
C:\Users\Anastasya\source\repos\164_HW1\cloud\Source.cpp(225,34): warning C4244: 'argument': conversion from 'int' to 'GLfloat', possible loss of data
C:\Users\Anastasya\source\repos\164_HW1\cloud\Source.cpp(225,24): warning C4244: 'argument': conversion from 'int' to 'GLfloat', possible loss of data
C:\Users\Anastasya\source\repos\164_HW1\cloud\Source.cpp(225,15): warning C4244: 'argument': conversion from 'int' to 'GLfloat', possible loss of data
C:\Users\Anastasya\source\repos\164_HW1\cloud\Source.cpp(226,43): warning C4244: 'argument': conversion from 'int' to 'GLfloat', possible loss of data
C:\Users\Anastasya\source\repos\164_HW1\cloud\Source.cpp(226,34): warning C4244: 'argument': conversion from 'int' to 'GLfloat', possible loss of data
C:\Users\Anastasya\source\repos\164_HW1\cloud\Source.cpp(226,24): warning C4244: 'argument': conversion from 'int' to 'GLfloat', possible loss of data
C:\Users\Anastasya\source\repos\164_HW1\cloud\Source.cpp(226,15): warning C4244: 'argument': conversion from 'int' to 'GLfloat', possible loss of data
C:\Users\Anastasya\source\repos\164_HW1\cloud\Source.cpp(432,35): warning C4326: return type of 'main' should be 'int' instead of 'void'
  cloud.vcxproj -> C:\Users\Anastasya\source\repos\164_HW1\Debug\cloud.exe
