  rainbow.cpp
C:\Users\Anastasya\source\repos\164_HW1\rainbow\rainbow.cpp(64,22): warning C4244: '=': conversion from 'double' to 'float', possible loss of data
C:\Users\Anastasya\source\repos\164_HW1\rainbow\rainbow.cpp(65,36): warning C4244: 'argument': conversion from 'double' to 'GLfloat', possible loss of data
C:\Users\Anastasya\source\repos\164_HW1\rainbow\rainbow.cpp(65,16): warning C4244: 'argument': conversion from 'double' to 'GLfloat', possible loss of data
C:\Users\Anastasya\source\repos\164_HW1\rainbow\rainbow.cpp(78,22): warning C4244: '=': conversion from 'double' to 'float', possible loss of data
C:\Users\Anastasya\source\repos\164_HW1\rainbow\rainbow.cpp(79,36): warning C4244: 'argument': conversion from 'double' to 'GLfloat', possible loss of data
C:\Users\Anastasya\source\repos\164_HW1\rainbow\rainbow.cpp(79,16): warning C4244: 'argument': conversion from 'double' to 'GLfloat', possible loss of data
C:\Users\Anastasya\source\repos\164_HW1\rainbow\rainbow.cpp(88,19): warning C4244: 'argument': conversion from 'int' to 'GLfloat', possible loss of data
C:\Users\Anastasya\source\repos\164_HW1\rainbow\rainbow.cpp(88,16): warning C4244: 'argument': conversion from 'int' to 'GLfloat', possible loss of data
C:\Users\Anastasya\source\repos\164_HW1\rainbow\rainbow.cpp(107,19): warning C4244: 'argument': conversion from 'int' to 'GLfloat', possible loss of data
C:\Users\Anastasya\source\repos\164_HW1\rainbow\rainbow.cpp(107,16): warning C4244: 'argument': conversion from 'int' to 'GLfloat', possible loss of data
C:\Users\Anastasya\source\repos\164_HW1\rainbow\rainbow.cpp(123,18): warning C4244: 'argument': conversion from 'int' to 'GLfloat', possible loss of data
C:\Users\Anastasya\source\repos\164_HW1\rainbow\rainbow.cpp(123,15): warning C4244: 'argument': conversion from 'int' to 'GLfloat', possible loss of data
C:\Users\Anastasya\source\repos\164_HW1\rainbow\rainbow.cpp(169,15): warning C4244: 'argument': conversion from 'int' to 'GLfloat', possible loss of data
C:\Users\Anastasya\source\repos\164_HW1\rainbow\rainbow.cpp(247,43): warning C4244: 'argument': conversion from 'int' to 'GLfloat', possible loss of data
C:\Users\Anastasya\source\repos\164_HW1\rainbow\rainbow.cpp(247,34): warning C4244: 'argument': conversion from 'int' to 'GLfloat', possible loss of data
C:\Users\Anastasya\source\repos\164_HW1\rainbow\rainbow.cpp(247,25): warning C4244: 'argument': conversion from 'int' to 'GLfloat', possible loss of data
C:\Users\Anastasya\source\repos\164_HW1\rainbow\rainbow.cpp(247,15): warning C4244: 'argument': conversion from 'int' to 'GLfloat', possible loss of data
C:\Users\Anastasya\source\repos\164_HW1\rainbow\rainbow.cpp(248,43): warning C4244: 'argument': conversion from 'int' to 'GLfloat', possible loss of data
C:\Users\Anastasya\source\repos\164_HW1\rainbow\rainbow.cpp(248,34): warning C4244: 'argument': conversion from 'int' to 'GLfloat', possible loss of data
C:\Users\Anastasya\source\repos\164_HW1\rainbow\rainbow.cpp(248,25): warning C4244: 'argument': conversion from 'int' to 'GLfloat', possible loss of data
C:\Users\Anastasya\source\repos\164_HW1\rainbow\rainbow.cpp(248,15): warning C4244: 'argument': conversion from 'int' to 'GLfloat', possible loss of data
C:\Users\Anastasya\source\repos\164_HW1\rainbow\rainbow.cpp(251,43): warning C4244: 'argument': conversion from 'int' to 'GLfloat', possible loss of data
C:\Users\Anastasya\source\repos\164_HW1\rainbow\rainbow.cpp(251,34): warning C4244: 'argument': conversion from 'int' to 'GLfloat', possible loss of data
C:\Users\Anastasya\source\repos\164_HW1\rainbow\rainbow.cpp(251,25): warning C4244: 'argument': conversion from 'int' to 'GLfloat', possible loss of data
C:\Users\Anastasya\source\repos\164_HW1\rainbow\rainbow.cpp(251,15): warning C4244: 'argument': conversion from 'int' to 'GLfloat', possible loss of data
C:\Users\Anastasya\source\repos\164_HW1\rainbow\rainbow.cpp(267,45): warning C4244: 'argument': conversion from 'int' to 'GLfloat', possible loss of data
C:\Users\Anastasya\source\repos\164_HW1\rainbow\rainbow.cpp(267,35): warning C4244: 'argument': conversion from 'int' to 'GLfloat', possible loss of data
C:\Users\Anastasya\source\repos\164_HW1\rainbow\rainbow.cpp(267,25): warning C4244: 'argument': conversion from 'int' to 'GLfloat', possible loss of data
C:\Users\Anastasya\source\repos\164_HW1\rainbow\rainbow.cpp(267,15): warning C4244: 'argument': conversion from 'int' to 'GLfloat', possible loss of data
C:\Users\Anastasya\source\repos\164_HW1\rainbow\rainbow.cpp(268,43): warning C4244: 'argument': conversion from 'int' to 'GLfloat', possible loss of data
C:\Users\Anastasya\source\repos\164_HW1\rainbow\rainbow.cpp(268,33): warning C4244: 'argument': conversion from 'int' to 'GLfloat', possible loss of data
C:\Users\Anastasya\source\repos\164_HW1\rainbow\rainbow.cpp(268,24): warning C4244: 'argument': conversion from 'int' to 'GLfloat', possible loss of data
C:\Users\Anastasya\source\repos\164_HW1\rainbow\rainbow.cpp(268,14): warning C4244: 'argument': conversion from 'int' to 'GLfloat', possible loss of data
C:\Users\Anastasya\source\repos\164_HW1\rainbow\rainbow.cpp(273,42): warning C4244: 'argument': conversion from 'int' to 'GLfloat', possible loss of data
C:\Users\Anastasya\source\repos\164_HW1\rainbow\rainbow.cpp(273,33): warning C4244: 'argument': conversion from 'int' to 'GLfloat', possible loss of data
C:\Users\Anastasya\source\repos\164_HW1\rainbow\rainbow.cpp(273,23): warning C4244: 'argument': conversion from 'int' to 'GLfloat', possible loss of data
C:\Users\Anastasya\source\repos\164_HW1\rainbow\rainbow.cpp(273,15): warning C4244: 'argument': conversion from 'int' to 'GLfloat', possible loss of data
C:\Users\Anastasya\source\repos\164_HW1\rainbow\rainbow.cpp(274,43): warning C4244: 'argument': conversion from 'int' to 'GLfloat', possible loss of data
C:\Users\Anastasya\source\repos\164_HW1\rainbow\rainbow.cpp(274,34): warning C4244: 'argument': conversion from 'int' to 'GLfloat', possible loss of data
C:\Users\Anastasya\source\repos\164_HW1\rainbow\rainbow.cpp(274,24): warning C4244: 'argument': conversion from 'int' to 'GLfloat', possible loss of data
C:\Users\Anastasya\source\repos\164_HW1\rainbow\rainbow.cpp(274,15): warning C4244: 'argument': conversion from 'int' to 'GLfloat', possible loss of data
C:\Users\Anastasya\source\repos\164_HW1\rainbow\rainbow.cpp(275,43): warning C4244: 'argument': conversion from 'int' to 'GLfloat', possible loss of data
C:\Users\Anastasya\source\repos\164_HW1\rainbow\rainbow.cpp(275,34): warning C4244: 'argument': conversion from 'int' to 'GLfloat', possible loss of data
C:\Users\Anastasya\source\repos\164_HW1\rainbow\rainbow.cpp(275,24): warning C4244: 'argument': conversion from 'int' to 'GLfloat', possible loss of data
C:\Users\Anastasya\source\repos\164_HW1\rainbow\rainbow.cpp(275,15): warning C4244: 'argument': conversion from 'int' to 'GLfloat', possible loss of data
C:\Users\Anastasya\source\repos\164_HW1\rainbow\rainbow.cpp(516,35): warning C4326: return type of 'main' should be 'int' instead of 'void'
  rainbow.vcxproj -> C:\Users\Anastasya\source\repos\164_HW1\Debug\rainbow.exe
